<?xml version="1.0" encoding="UTF-8"?>
<!-- Generated by org.testng.reporters.JUnitReportReporter -->
<testsuite hostname="DESKTOP-5Q2CKRI" name="ni.ni1" tests="1" failures="0" timestamp="26 Mar 2019 01:51:41 GMT" time="0.010" errors="0">
  <testcase name="ni" time="0.010" classname="ni.ni1"/>
</testsuite> <!-- ni.ni1 -->
